<?xml version="1.0" encoding="UTF-8"?>
<!-- Generated by org.testng.reporters.JUnitXMLReporter -->
<testsuite hostname="LAPTOP-J49C07QH" ignored="5" name="SmokeTest" tests="2" failures="0" timestamp="2020-10-11T17:30:00 EDT" time="4.478" errors="0">
  <testcase name="@BeforeMethod setUP" time="1.416" classname="com.hrms.testbase.BaseClass">
    <failure type="org.openqa.selenium.SessionNotCreatedException" message="session not created: This version of ChromeDriver only supports Chrome version 83
Build info: version: &amp;apos;3.141.59&amp;apos;, revision: &amp;apos;e82be7d358&amp;apos;, time: &amp;apos;2018-11-14T08:17:03&amp;apos;
System info: host: &amp;apos;LAPTOP-J49C07QH&amp;apos;, ip: &amp;apos;192.168.200.3&amp;apos;, os.name: &amp;apos;Windows 10&amp;apos;, os.arch: &amp;apos;amd64&amp;apos;, os.version: &amp;apos;10.0&amp;apos;, java.version: &amp;apos;1.8.0_241&amp;apos;
Driver info: driver.version: ChromeDriver
remote stacktrace: Backtrace:
	Ordinal0 [0x00F69563+2725219]
	Ordinal0 [0x00E68551+1672529]
	Ordinal0 [0x00D50359+525145]
	Ordinal0 [0x00CE0B77+68471]
	Ordinal0 [0x00CDD32C+54060]
	Ordinal0 [0x00CFCC37+183351]
	Ordinal0 [0x00CFCA3D+182845]
	Ordinal0 [0x00CFA94B+174411]
	Ordinal0 [0x00CE2528+75048]
	Ordinal0 [0x00CE35A0+79264]
	Ordinal0 [0x00CE3539+79161]
	Ordinal0 [0x00E7D607+1758727]
	GetHandleVerifier [0x01086546+1050150]
	GetHandleVerifier [0x01086291+1049457]
	GetHandleVerifier [0x010910D7+1094071]
	GetHandleVerifier [0x01086B46+1051686]
	Ordinal0 [0x00E75B06+1727238]
	Ordinal0 [0x00E7EB7B+1764219]
	Ordinal0 [0x00E7ECE3+1764579]
	Ordinal0 [0x00E94C05+1854469]
	BaseThreadInitThunk [0x75AF6359+25]
	RtlGetAppContainerNamedObjectPath [0x77977C24+228]
	RtlGetAppContainerNamedObjectPath [0x77977BF4+180]
">
      <![CDATA[org.openqa.selenium.SessionNotCreatedException: session not created: This version of ChromeDriver only supports Chrome version 83
Build info: version: '3.141.59', revision: 'e82be7d358', time: '2018-11-14T08:17:03'
System info: host: 'LAPTOP-J49C07QH', ip: '192.168.200.3', os.name: 'Windows 10', os.arch: 'amd64', os.version: '10.0', java.version: '1.8.0_241'
Driver info: driver.version: ChromeDriver
remote stacktrace: Backtrace:
Ordinal0 [0x00F69563+2725219]
Ordinal0 [0x00E68551+1672529]
Ordinal0 [0x00D50359+525145]
Ordinal0 [0x00CE0B77+68471]
Ordinal0 [0x00CDD32C+54060]
Ordinal0 [0x00CFCC37+183351]
Ordinal0 [0x00CFCA3D+182845]
Ordinal0 [0x00CFA94B+174411]
Ordinal0 [0x00CE2528+75048]
Ordinal0 [0x00CE35A0+79264]
Ordinal0 [0x00CE3539+79161]
Ordinal0 [0x00E7D607+1758727]
GetHandleVerifier [0x01086546+1050150]
GetHandleVerifier [0x01086291+1049457]
GetHandleVerifier [0x010910D7+1094071]
GetHandleVerifier [0x01086B46+1051686]
Ordinal0 [0x00E75B06+1727238]
Ordinal0 [0x00E7EB7B+1764219]
Ordinal0 [0x00E7ECE3+1764579]
Ordinal0 [0x00E94C05+1854469]
BaseThreadInitThunk [0x75AF6359+25]
RtlGetAppContainerNamedObjectPath [0x77977C24+228]
RtlGetAppContainerNamedObjectPath [0x77977BF4+180]

at org.openqa.selenium.remote.W3CHandshakeResponse.lambda$errorHandler$0(W3CHandshakeResponse.java:62)
at org.openqa.selenium.remote.HandshakeResponse.lambda$getResponseFunction$0(HandshakeResponse.java:30)
at org.openqa.selenium.remote.ProtocolHandshake.lambda$createSession$0(ProtocolHandshake.java:126)
at java.util.stream.ReferencePipeline$3$1.accept(ReferencePipeline.java:193)
at java.util.Spliterators$ArraySpliterator.tryAdvance(Spliterators.java:958)
at java.util.stream.ReferencePipeline.forEachWithCancel(ReferencePipeline.java:126)
at java.util.stream.AbstractPipeline.copyIntoWithCancel(AbstractPipeline.java:499)
at java.util.stream.AbstractPipeline.copyInto(AbstractPipeline.java:486)
at java.util.stream.AbstractPipeline.wrapAndCopyInto(AbstractPipeline.java:472)
at java.util.stream.FindOps$FindOp.evaluateSequential(FindOps.java:152)
at java.util.stream.AbstractPipeline.evaluate(AbstractPipeline.java:234)
at java.util.stream.ReferencePipeline.findFirst(ReferencePipeline.java:464)
at org.openqa.selenium.remote.ProtocolHandshake.createSession(ProtocolHandshake.java:128)
at org.openqa.selenium.remote.ProtocolHandshake.createSession(ProtocolHandshake.java:74)
at org.openqa.selenium.remote.HttpCommandExecutor.execute(HttpCommandExecutor.java:136)
at org.openqa.selenium.remote.service.DriverCommandExecutor.execute(DriverCommandExecutor.java:83)
at org.openqa.selenium.remote.RemoteWebDriver.execute(RemoteWebDriver.java:552)
at org.openqa.selenium.remote.RemoteWebDriver.startSession(RemoteWebDriver.java:213)
at org.openqa.selenium.remote.RemoteWebDriver.<init>(RemoteWebDriver.java:131)
at org.openqa.selenium.chrome.ChromeDriver.<init>(ChromeDriver.java:181)
at org.openqa.selenium.chrome.ChromeDriver.<init>(ChromeDriver.java:168)
at org.openqa.selenium.chrome.ChromeDriver.<init>(ChromeDriver.java:123)
at com.hrms.testbase.BaseClass.setUP(BaseClass.java:60)
at java.util.ArrayList.forEach(ArrayList.java:1257)
... Removed 39 stack frames]]>
    </failure>
  </testcase> <!-- @BeforeMethod setUP -->
  <testcase name="@BeforeMethod setUP" time="1.421" classname="com.hrms.testbase.BaseClass">
    <failure type="org.openqa.selenium.SessionNotCreatedException" message="session not created: This version of ChromeDriver only supports Chrome version 83
Build info: version: &amp;apos;3.141.59&amp;apos;, revision: &amp;apos;e82be7d358&amp;apos;, time: &amp;apos;2018-11-14T08:17:03&amp;apos;
System info: host: &amp;apos;LAPTOP-J49C07QH&amp;apos;, ip: &amp;apos;192.168.200.3&amp;apos;, os.name: &amp;apos;Windows 10&amp;apos;, os.arch: &amp;apos;amd64&amp;apos;, os.version: &amp;apos;10.0&amp;apos;, java.version: &amp;apos;1.8.0_241&amp;apos;
Driver info: driver.version: ChromeDriver
remote stacktrace: Backtrace:
	Ordinal0 [0x00F69563+2725219]
	Ordinal0 [0x00E68551+1672529]
	Ordinal0 [0x00D50359+525145]
	Ordinal0 [0x00CE0B77+68471]
	Ordinal0 [0x00CDD32C+54060]
	Ordinal0 [0x00CFCC37+183351]
	Ordinal0 [0x00CFCA3D+182845]
	Ordinal0 [0x00CFA94B+174411]
	Ordinal0 [0x00CE2528+75048]
	Ordinal0 [0x00CE35A0+79264]
	Ordinal0 [0x00CE3539+79161]
	Ordinal0 [0x00E7D607+1758727]
	GetHandleVerifier [0x01086546+1050150]
	GetHandleVerifier [0x01086291+1049457]
	GetHandleVerifier [0x010910D7+1094071]
	GetHandleVerifier [0x01086B46+1051686]
	Ordinal0 [0x00E75B06+1727238]
	Ordinal0 [0x00E7EB7B+1764219]
	Ordinal0 [0x00E7ECE3+1764579]
	Ordinal0 [0x00E94C05+1854469]
	BaseThreadInitThunk [0x75AF6359+25]
	RtlGetAppContainerNamedObjectPath [0x77977C24+228]
	RtlGetAppContainerNamedObjectPath [0x77977BF4+180]
">
      <![CDATA[org.openqa.selenium.SessionNotCreatedException: session not created: This version of ChromeDriver only supports Chrome version 83
Build info: version: '3.141.59', revision: 'e82be7d358', time: '2018-11-14T08:17:03'
System info: host: 'LAPTOP-J49C07QH', ip: '192.168.200.3', os.name: 'Windows 10', os.arch: 'amd64', os.version: '10.0', java.version: '1.8.0_241'
Driver info: driver.version: ChromeDriver
remote stacktrace: Backtrace:
Ordinal0 [0x00F69563+2725219]
Ordinal0 [0x00E68551+1672529]
Ordinal0 [0x00D50359+525145]
Ordinal0 [0x00CE0B77+68471]
Ordinal0 [0x00CDD32C+54060]
Ordinal0 [0x00CFCC37+183351]
Ordinal0 [0x00CFCA3D+182845]
Ordinal0 [0x00CFA94B+174411]
Ordinal0 [0x00CE2528+75048]
Ordinal0 [0x00CE35A0+79264]
Ordinal0 [0x00CE3539+79161]
Ordinal0 [0x00E7D607+1758727]
GetHandleVerifier [0x01086546+1050150]
GetHandleVerifier [0x01086291+1049457]
GetHandleVerifier [0x010910D7+1094071]
GetHandleVerifier [0x01086B46+1051686]
Ordinal0 [0x00E75B06+1727238]
Ordinal0 [0x00E7EB7B+1764219]
Ordinal0 [0x00E7ECE3+1764579]
Ordinal0 [0x00E94C05+1854469]
BaseThreadInitThunk [0x75AF6359+25]
RtlGetAppContainerNamedObjectPath [0x77977C24+228]
RtlGetAppContainerNamedObjectPath [0x77977BF4+180]

at org.openqa.selenium.remote.W3CHandshakeResponse.lambda$errorHandler$0(W3CHandshakeResponse.java:62)
at org.openqa.selenium.remote.HandshakeResponse.lambda$getResponseFunction$0(HandshakeResponse.java:30)
at org.openqa.selenium.remote.ProtocolHandshake.lambda$createSession$0(ProtocolHandshake.java:126)
at java.util.stream.ReferencePipeline$3$1.accept(ReferencePipeline.java:193)
at java.util.Spliterators$ArraySpliterator.tryAdvance(Spliterators.java:958)
at java.util.stream.ReferencePipeline.forEachWithCancel(ReferencePipeline.java:126)
at java.util.stream.AbstractPipeline.copyIntoWithCancel(AbstractPipeline.java:499)
at java.util.stream.AbstractPipeline.copyInto(AbstractPipeline.java:486)
at java.util.stream.AbstractPipeline.wrapAndCopyInto(AbstractPipeline.java:472)
at java.util.stream.FindOps$FindOp.evaluateSequential(FindOps.java:152)
at java.util.stream.AbstractPipeline.evaluate(AbstractPipeline.java:234)
at java.util.stream.ReferencePipeline.findFirst(ReferencePipeline.java:464)
at org.openqa.selenium.remote.ProtocolHandshake.createSession(ProtocolHandshake.java:128)
at org.openqa.selenium.remote.ProtocolHandshake.createSession(ProtocolHandshake.java:74)
at org.openqa.selenium.remote.HttpCommandExecutor.execute(HttpCommandExecutor.java:136)
at org.openqa.selenium.remote.service.DriverCommandExecutor.execute(DriverCommandExecutor.java:83)
at org.openqa.selenium.remote.RemoteWebDriver.execute(RemoteWebDriver.java:552)
at org.openqa.selenium.remote.RemoteWebDriver.startSession(RemoteWebDriver.java:213)
at org.openqa.selenium.remote.RemoteWebDriver.<init>(RemoteWebDriver.java:131)
at org.openqa.selenium.chrome.ChromeDriver.<init>(ChromeDriver.java:181)
at org.openqa.selenium.chrome.ChromeDriver.<init>(ChromeDriver.java:168)
at org.openqa.selenium.chrome.ChromeDriver.<init>(ChromeDriver.java:123)
at com.hrms.testbase.BaseClass.setUP(BaseClass.java:60)
at java.util.ArrayList.forEach(ArrayList.java:1257)
... Removed 39 stack frames]]>
    </failure>
  </testcase> <!-- @BeforeMethod setUP -->
  <testcase name="positiveLoginVirefication" time="0.0" classname="com.hrms.testcases.LoginTest">
    <skipped/>
  </testcase> <!-- positiveLoginVirefication -->
  <testcase name="positiveLoginVirefication" time="0.0" classname="com.hrms.testcases.LoginTest">
    <skipped/>
  </testcase> <!-- positiveLoginVirefication -->
  <testcase name="test" time="0.0" classname="com.hrms.testcases.addEmployeeTest">
    <ignored/>
  </testcase> <!-- test -->
  <testcase name="@BeforeTest generateReport" time="0.0" classname="com.hrms.testbase.BaseClass">
    <ignored/>
  </testcase> <!-- @BeforeTest generateReport -->
  <testcase name="virefyaddEmpLibels" time="0.0" classname="com.hrms.testcases.addEmployeeTest">
    <ignored/>
  </testcase> <!-- virefyaddEmpLibels -->
  <testcase name="@AfterTest writeReport" time="0.0" classname="com.hrms.testbase.BaseClass">
    <ignored/>
  </testcase> <!-- @AfterTest writeReport -->
  <testcase name="addEmpinfo" time="0.0" classname="com.hrms.testcases.addEmployeeTest">
    <ignored/>
  </testcase> <!-- addEmpinfo -->
</testsuite> <!-- SmokeTest -->
